<?xml version="1.0" encoding="UTF-8"?>
<!-- Generated by org.testng.reporters.JUnitReportReporter -->
<testsuite hostname="DESKTOP-Q82OL9U" failures="0" tests="1" name="Package_1.scroll_tests" time="5.489" errors="0" timestamp="2024-07-07T23:31:32 IST" skipped="0">
  <testcase classname="Package_1.scroll_tests" name="tc1" time="5.489"/>
  <system-out/>
</testsuite> <!-- Package_1.scroll_tests -->
